Determining if the pthread_create exist failed with the following output:
Change Dir: /home/stel/workspace-code/raycasting/cmake-build-debug/CMakeFiles/CMakeTmp

Run Build Command:"/usr/bin/make" "cmTC_8062b/fast"
/usr/bin/make -f CMakeFiles/cmTC_8062b.dir/build.make CMakeFiles/cmTC_8062b.dir/build
make[1]: Entering directory '/home/stel/workspace-code/raycasting/cmake-build-debug/CMakeFiles/CMakeTmp'
Building C object CMakeFiles/cmTC_8062b.dir/CheckSymbolExists.c.o
/usr/bin/cc    -o CMakeFiles/cmTC_8062b.dir/CheckSymbolExists.c.o   -c /home/stel/workspace-code/raycasting/cmake-build-debug/CMakeFiles/CMakeTmp/CheckSymbolExists.c
Linking C executable cmTC_8062b
/home/stel/clion-2017.2.2/bin/cmake/bin/cmake -E cmake_link_script CMakeFiles/cmTC_8062b.dir/link.txt --verbose=1
/usr/bin/cc      CMakeFiles/cmTC_8062b.dir/CheckSymbolExists.c.o  -o cmTC_8062b 
CMakeFiles/cmTC_8062b.dir/CheckSymbolExists.c.o: In function `main':
CheckSymbolExists.c:(.text+0x1b): undefined reference to `pthread_create'
collect2: error: ld returned 1 exit status
CMakeFiles/cmTC_8062b.dir/build.make:97: recipe for target 'cmTC_8062b' failed
make[1]: *** [cmTC_8062b] Error 1
make[1]: Leaving directory '/home/stel/workspace-code/raycasting/cmake-build-debug/CMakeFiles/CMakeTmp'
Makefile:126: recipe for target 'cmTC_8062b/fast' failed
make: *** [cmTC_8062b/fast] Error 2

File /home/stel/workspace-code/raycasting/cmake-build-debug/CMakeFiles/CMakeTmp/CheckSymbolExists.c:
/* */
#include <pthread.h>

int main(int argc, char** argv)
{
  (void)argv;
#ifndef pthread_create
  return ((int*)(&pthread_create))[argc];
#else
  (void)argc;
  return 0;
#endif
}

Determining if the function pthread_create exists in the pthreads failed with the following output:
Change Dir: /home/stel/workspace-code/raycasting/cmake-build-debug/CMakeFiles/CMakeTmp

Run Build Command:"/usr/bin/make" "cmTC_d71f8/fast"
/usr/bin/make -f CMakeFiles/cmTC_d71f8.dir/build.make CMakeFiles/cmTC_d71f8.dir/build
make[1]: Entering directory '/home/stel/workspace-code/raycasting/cmake-build-debug/CMakeFiles/CMakeTmp'
Building C object CMakeFiles/cmTC_d71f8.dir/CheckFunctionExists.c.o
/usr/bin/cc   -DCHECK_FUNCTION_EXISTS=pthread_create   -o CMakeFiles/cmTC_d71f8.dir/CheckFunctionExists.c.o   -c /home/stel/clion-2017.2.2/bin/cmake/share/cmake-3.8/Modules/CheckFunctionExists.c
Linking C executable cmTC_d71f8
/home/stel/clion-2017.2.2/bin/cmake/bin/cmake -E cmake_link_script CMakeFiles/cmTC_d71f8.dir/link.txt --verbose=1
/usr/bin/cc  -DCHECK_FUNCTION_EXISTS=pthread_create    CMakeFiles/cmTC_d71f8.dir/CheckFunctionExists.c.o  -o cmTC_d71f8 -lpthreads 
/usr/bin/ld: cannot find -lpthreads
collect2: error: ld returned 1 exit status
CMakeFiles/cmTC_d71f8.dir/build.make:97: recipe for target 'cmTC_d71f8' failed
make[1]: *** [cmTC_d71f8] Error 1
make[1]: Leaving directory '/home/stel/workspace-code/raycasting/cmake-build-debug/CMakeFiles/CMakeTmp'
Makefile:126: recipe for target 'cmTC_d71f8/fast' failed
make: *** [cmTC_d71f8/fast] Error 2


